<?xml version="1.0" encoding="UTF-8"?>
<!-- Generated by org.testng.reporters.JUnitReportReporter -->
<testsuite hostname="DESKTOP-B4HBE0L" failures="0" tests="1" name="com.bluestone.tests.TA001_MainTest" time="17.620" errors="0" timestamp="2023-03-11T19:15:56 IST" skipped="0">
  <testcase classname="com.bluestone.tests.TA001_MainTest" name="loginPageTitleTest" time="17.620"/>
  <system-out/>
</testsuite> <!-- com.bluestone.tests.TA001_MainTest -->
