<?xml version="1.0" encoding="UTF-8"?>
<!-- Generated by org.testng.reporters.JUnitReportReporter -->
<testsuite skipped="0" hostname="BSBLRLT091" name="com.Startframework.Frameworkpart2.App" tests="1" failures="0" timestamp="05 Jun 2019 19:03:58 GMT" time="100.998" errors="0">
  <testcase name="test" time="100.998" classname="com.Startframework.Frameworkpart2.App"/>
</testsuite> <!-- com.Startframework.Frameworkpart2.App -->
