<?xml version="1.0" encoding="UTF-8"?>
<!-- Generated by org.testng.reporters.JUnitReportReporter -->
<testsuite skipped="0" hostname="BSBLRLT091" name="com.Startframework.Frameworkpart2.TA001_MainTest" tests="1" failures="0" timestamp="05 Aug 2019 09:26:04 GMT" time="12.270" errors="0">
  <testcase name="loginTest" time="12.270" classname="com.Startframework.Frameworkpart2.TA001_MainTest"/>
</testsuite> <!-- com.Startframework.Frameworkpart2.TA001_MainTest -->
